2022-08-10 10:16:13,740 [Worker-6: Loading available Gradle versions] INFO  o.e.b.c.i.u.g.PublishedGradleVersions - Gradle version information cache is up-to-date. Trying to read.
2022-08-10 10:17:03,351 [Worker-20: Creating project "step09_JDBCBasic"] INFO  o.e.m.c.i.l.LifecycleMappingFactory - Using org.eclipse.m2e.jdt.JarLifecycleMapping lifecycle mapping for MavenProject: step09_JDBCBasic:step09_JDBCBasic:0.0.1-SNAPSHOT @ D:\WorkSpace\JAVA\08.java\step09_JDBCBasic\step09_JDBCBasic\pom.xml.
2022-08-10 10:17:04,219 [Worker-20: Creating project "step09_JDBCBasic"] INFO  o.e.m.j.i.AbstractJavaProjectConfigurator - Adding source folder /step09_JDBCBasic/src/main/java
2022-08-10 10:17:04,220 [Worker-20: Creating project "step09_JDBCBasic"] INFO  o.e.m.j.i.AbstractJavaProjectConfigurator - Adding resource folder /step09_JDBCBasic/src/main/resources
2022-08-10 10:17:04,222 [Worker-20: Creating project "step09_JDBCBasic"] INFO  o.e.m.j.i.AbstractJavaProjectConfigurator - Adding source folder /step09_JDBCBasic/src/test/java
2022-08-10 10:17:04,222 [Worker-20: Creating project "step09_JDBCBasic"] INFO  o.e.m.j.i.AbstractJavaProjectConfigurator - Adding resource folder /step09_JDBCBasic/src/test/resources
2022-08-10 10:17:05,373 [Worker-11: Building] WARN  o.e.m.c.i.embedder.EclipseLogger - Using platform encoding (Cp1252 actually) to copy filtered resources, i.e. build is platform dependent!
2022-08-10 10:17:05,377 [Worker-11: Building] INFO  o.e.m.c.i.embedder.EclipseLogger - Copying 0 resource
2022-08-10 10:17:05,379 [Worker-11: Building] WARN  o.e.m.c.i.embedder.EclipseLogger - Using platform encoding (Cp1252 actually) to copy filtered resources, i.e. build is platform dependent!
2022-08-10 10:17:05,379 [Worker-11: Building] INFO  o.e.m.c.i.embedder.EclipseLogger - Copying 0 resource
2022-08-10 10:17:13,499 [Worker-10: Building] WARN  o.e.m.c.i.embedder.EclipseLogger - Using platform encoding (Cp1252 actually) to copy filtered resources, i.e. build is platform dependent!
2022-08-10 10:17:13,504 [Worker-10: Building] INFO  o.e.m.c.i.embedder.EclipseLogger - Copying 0 resource
2022-08-10 10:17:13,507 [Worker-10: Building] WARN  o.e.m.c.i.embedder.EclipseLogger - Using platform encoding (Cp1252 actually) to copy filtered resources, i.e. build is platform dependent!
2022-08-10 10:17:13,507 [Worker-10: Building] INFO  o.e.m.c.i.embedder.EclipseLogger - Copying 0 resource
2022-08-10 10:17:54,984 [Worker-25: Building] WARN  o.e.m.c.i.embedder.EclipseLogger - Using platform encoding (Cp1252 actually) to copy filtered resources, i.e. build is platform dependent!
2022-08-10 10:17:54,985 [Worker-25: Building] INFO  o.e.m.c.i.embedder.EclipseLogger - Copying 0 resource
2022-08-10 10:17:54,986 [Worker-25: Building] WARN  o.e.m.c.i.embedder.EclipseLogger - Using platform encoding (Cp1252 actually) to copy filtered resources, i.e. build is platform dependent!
2022-08-10 10:17:54,986 [Worker-25: Building] INFO  o.e.m.c.i.embedder.EclipseLogger - skip non existing resourceDirectory D:\WorkSpace\JAVA\08.java\step09_JDBCBasic\step09_JDBCBasic\src\test\resources
2022-08-10 10:17:57,728 [Worker-9: Building] WARN  o.e.m.c.i.embedder.EclipseLogger - Using platform encoding (Cp1252 actually) to copy filtered resources, i.e. build is platform dependent!
2022-08-10 10:17:57,729 [Worker-9: Building] INFO  o.e.m.c.i.embedder.EclipseLogger - skip non existing resourceDirectory D:\WorkSpace\JAVA\08.java\step09_JDBCBasic\step09_JDBCBasic\src\main\resources
2022-08-10 10:17:57,730 [Worker-9: Building] WARN  o.e.m.c.i.embedder.EclipseLogger - Using platform encoding (Cp1252 actually) to copy filtered resources, i.e. build is platform dependent!
2022-08-10 10:17:57,731 [Worker-9: Building] INFO  o.e.m.c.i.embedder.EclipseLogger - skip non existing resourceDirectory D:\WorkSpace\JAVA\08.java\step09_JDBCBasic\step09_JDBCBasic\src\test\resources
2022-08-10 10:17:59,003 [Worker-15: Building] WARN  o.e.m.c.i.embedder.EclipseLogger - Using platform encoding (Cp1252 actually) to copy filtered resources, i.e. build is platform dependent!
2022-08-10 10:17:59,004 [Worker-15: Building] INFO  o.e.m.c.i.embedder.EclipseLogger - skip non existing resourceDirectory D:\WorkSpace\JAVA\08.java\step09_JDBCBasic\step09_JDBCBasic\src\main\resources
2022-08-10 10:17:59,005 [Worker-15: Building] WARN  o.e.m.c.i.embedder.EclipseLogger - Using platform encoding (Cp1252 actually) to copy filtered resources, i.e. build is platform dependent!
2022-08-10 10:17:59,006 [Worker-15: Building] INFO  o.e.m.c.i.embedder.EclipseLogger - skip non existing resourceDirectory D:\WorkSpace\JAVA\08.java\step09_JDBCBasic\step09_JDBCBasic\src\test\resources
2022-08-10 10:18:00,985 [Worker-1: Building] WARN  o.e.m.c.i.embedder.EclipseLogger - Using platform encoding (Cp1252 actually) to copy filtered resources, i.e. build is platform dependent!
2022-08-10 10:18:00,985 [Worker-1: Building] INFO  o.e.m.c.i.embedder.EclipseLogger - skip non existing resourceDirectory D:\WorkSpace\JAVA\08.java\step09_JDBCBasic\step09_JDBCBasic\src\main\resources
2022-08-10 10:18:00,986 [Worker-1: Building] WARN  o.e.m.c.i.embedder.EclipseLogger - Using platform encoding (Cp1252 actually) to copy filtered resources, i.e. build is platform dependent!
2022-08-10 10:18:00,986 [Worker-1: Building] INFO  o.e.m.c.i.embedder.EclipseLogger - skip non existing resourceDirectory D:\WorkSpace\JAVA\08.java\step09_JDBCBasic\step09_JDBCBasic\src\test\resources
2022-08-10 10:18:06,674 [Worker-23: Building] WARN  o.e.m.c.i.embedder.EclipseLogger - Using platform encoding (Cp1252 actually) to copy filtered resources, i.e. build is platform dependent!
2022-08-10 10:18:06,675 [Worker-23: Building] INFO  o.e.m.c.i.embedder.EclipseLogger - skip non existing resourceDirectory D:\WorkSpace\JAVA\08.java\step09_JDBCBasic\step09_JDBCBasic\src\main\resources
2022-08-10 10:18:06,676 [Worker-23: Building] WARN  o.e.m.c.i.embedder.EclipseLogger - Using platform encoding (Cp1252 actually) to copy filtered resources, i.e. build is platform dependent!
2022-08-10 10:18:06,677 [Worker-23: Building] INFO  o.e.m.c.i.embedder.EclipseLogger - skip non existing resourceDirectory D:\WorkSpace\JAVA\08.java\step09_JDBCBasic\step09_JDBCBasic\src\test\resources
2022-08-10 10:18:09,181 [Worker-15: Building] WARN  o.e.m.c.i.embedder.EclipseLogger - Using platform encoding (Cp1252 actually) to copy filtered resources, i.e. build is platform dependent!
2022-08-10 10:18:09,182 [Worker-15: Building] INFO  o.e.m.c.i.embedder.EclipseLogger - skip non existing resourceDirectory D:\WorkSpace\JAVA\08.java\step09_JDBCBasic\step09_JDBCBasic\src\main\resources
2022-08-10 10:18:09,184 [Worker-15: Building] WARN  o.e.m.c.i.embedder.EclipseLogger - Using platform encoding (Cp1252 actually) to copy filtered resources, i.e. build is platform dependent!
2022-08-10 10:18:09,184 [Worker-15: Building] INFO  o.e.m.c.i.embedder.EclipseLogger - skip non existing resourceDirectory D:\WorkSpace\JAVA\08.java\step09_JDBCBasic\step09_JDBCBasic\src\test\resources
2022-08-10 10:18:36,782 [Worker-28: Building] WARN  o.e.m.c.i.embedder.EclipseLogger - Using platform encoding (Cp1252 actually) to copy filtered resources, i.e. build is platform dependent!
2022-08-10 10:18:36,783 [Worker-28: Building] INFO  o.e.m.c.i.embedder.EclipseLogger - skip non existing resourceDirectory D:\WorkSpace\JAVA\08.java\step09_JDBCBasic\step09_JDBCBasic\src\main\resources
2022-08-10 10:18:36,784 [Worker-28: Building] WARN  o.e.m.c.i.embedder.EclipseLogger - Using platform encoding (Cp1252 actually) to copy filtered resources, i.e. build is platform dependent!
2022-08-10 10:18:36,784 [Worker-28: Building] INFO  o.e.m.c.i.embedder.EclipseLogger - skip non existing resourceDirectory D:\WorkSpace\JAVA\08.java\step09_JDBCBasic\step09_JDBCBasic\src\test\resources
2022-08-10 10:18:52,761 [Worker-24: Building] WARN  o.e.m.c.i.embedder.EclipseLogger - Using platform encoding (Cp1252 actually) to copy filtered resources, i.e. build is platform dependent!
2022-08-10 10:18:52,762 [Worker-24: Building] INFO  o.e.m.c.i.embedder.EclipseLogger - skip non existing resourceDirectory D:\WorkSpace\JAVA\08.java\step09_JDBCBasic\step09_JDBCBasic\src\main\resources
2022-08-10 10:18:52,763 [Worker-24: Building] WARN  o.e.m.c.i.embedder.EclipseLogger - Using platform encoding (Cp1252 actually) to copy filtered resources, i.e. build is platform dependent!
2022-08-10 10:18:52,763 [Worker-24: Building] INFO  o.e.m.c.i.embedder.EclipseLogger - skip non existing resourceDirectory D:\WorkSpace\JAVA\08.java\step09_JDBCBasic\step09_JDBCBasic\src\test\resources
